#
# There is insufficient memory for the Java Runtime Environment to continue.
# Native memory allocation (mmap) failed to map 532676608 bytes for committing reserved memory.
# Possible reasons:
#   The system is out of physical RAM or swap space
#   The process is running with CompressedOops enabled, and the Java Heap may be blocking the growth of the native heap
# Possible solutions:
#   Reduce memory load on the system
#   Increase physical memory or swap space
#   Check if swap backing store is full
#   Decrease Java heap size (-Xmx/-Xms)
#   Decrease number of Java threads
#   Decrease Java thread stack sizes (-Xss)
#   Set larger code cache with -XX:ReservedCodeCacheSize=
#   JVM is running with Zero Based Compressed Oops mode in which the Java heap is
#     placed in the first 32GB address space. The Java Heap base address is the
#     maximum limit for the native heap growth. Please use -XX:HeapBaseMinAddress
#     to set the Java Heap base and to place the Java Heap above 32GB virtual address.
# This output file may be truncated or incomplete.
#
#  Out of Memory Error (os_linux.cpp:2754), pid=79748, tid=0x00007f35d2bf3700
#
# JRE version: OpenJDK Runtime Environment (8.0_252-b09) (build 1.8.0_252-b09)
# Java VM: OpenJDK 64-Bit Server VM (25.252-b09 mixed mode linux-amd64 compressed oops)
# Failed to write core dump. Core dumps have been disabled. To enable core dumping, try "ulimit -c unlimited" before starting Java again
#

---------------  T H R E A D  ---------------

Current thread (0x00007f3608184000):  VMThread [stack: 0x00007f35d2af4000,0x00007f35d2bf4000] [id=79756]

Stack: [0x00007f35d2af4000,0x00007f35d2bf4000],  sp=0x00007f35d2bf2090,  free space=1016k
Native frames: (J=compiled Java code, j=interpreted, Vv=VM code, C=native code)
V  [libjvm.so+0xa50bbd]  VMError::report_and_die()+0x15d
V  [libjvm.so+0x4e3479]  report_vm_out_of_memory(char const*, int, unsigned long, VMErrorType, char const*)+0x99
V  [libjvm.so+0x8bf283]  os::Linux::commit_memory_impl(char*, unsigned long, bool)+0x113
V  [libjvm.so+0x8bf4a9]  os::pd_commit_memory(char*, unsigned long, unsigned long, bool)+0x29
V  [libjvm.so+0x8b40aa]  os::commit_memory(char*, unsigned long, unsigned long, bool)+0x2a
V  [libjvm.so+0x9243eb]  PSVirtualSpace::expand_by(unsigned long)+0x6b
V  [libjvm.so+0x9256a8]  PSYoungGen::resize_generation(unsigned long, unsigned long)+0xb8
V  [libjvm.so+0x9247e2]  PSYoungGen::resize(unsigned long, unsigned long)+0x22
V  [libjvm.so+0x921dbe]  PSScavenge::invoke_no_policy()+0x102e
V  [libjvm.so+0x922573]  PSScavenge::invoke()+0x43
V  [libjvm.so+0x8dce9d]  ParallelScavengeHeap::failed_mem_allocate(unsigned long)+0x6d
V  [libjvm.so+0xa526d7]  VM_ParallelGCFailedAllocation::doit()+0x97
V  [libjvm.so+0xa590c2]  VM_Operation::evaluate()+0x52
V  [libjvm.so+0xa573d9]  VMThread::evaluate_operation(VM_Operation*)+0xa9
V  [libjvm.so+0xa57a0e]  VMThread::loop()+0x1fe
V  [libjvm.so+0xa57ec3]  VMThread::run()+0x83
V  [libjvm.so+0x8bf612]  java_start(Thread*)+0x132

VM_Operation (0x00007f35d0b50dd0): ParallelGCFailedAllocation, mode: safepoint, requested by thread 0x00007f36083ac800


---------------  P R O C E S S  ---------------

Java Threads: ( => current thread )
  0x00007f359c019000 JavaThread "TimerQueue" daemon [_thread_blocked, id=79769, stack(0x00007f35d0752000,0x00007f35d0853000)]
  0x00007f360800b800 JavaThread "DestroyJavaVM" [_thread_blocked, id=79749, stack(0x00007f360f2f3000,0x00007f360f3f3000)]
  0x00007f36083ac800 JavaThread "AWT-EventQueue-0" [_thread_blocked, id=79768, stack(0x00007f35d0a53000,0x00007f35d0b54000)]
  0x00007f36083ab000 JavaThread "AWT-Shutdown" [_thread_blocked, id=79767, stack(0x00007f35d0b54000,0x00007f35d0c55000)]
  0x00007f36083a8800 JavaThread "AWT-XAWT" daemon [_thread_in_native, id=79766, stack(0x00007f35d0c55000,0x00007f35d0d56000)]
  0x00007f3608387000 JavaThread "Java2D Disposer" daemon [_thread_blocked, id=79765, stack(0x00007f35d0d56000,0x00007f35d0e57000)]
  0x00007f36081d9800 JavaThread "Service Thread" daemon [_thread_blocked, id=79763, stack(0x00007f35d2174000,0x00007f35d2275000)]
  0x00007f36081ce800 JavaThread "C1 CompilerThread2" daemon [_thread_blocked, id=79762, stack(0x00007f35d2276000,0x00007f35d2376000)]
  0x00007f36081cd000 JavaThread "C2 CompilerThread1" daemon [_thread_blocked, id=79761, stack(0x00007f35d2377000,0x00007f35d2477000)]
  0x00007f36081ca000 JavaThread "C2 CompilerThread0" daemon [_thread_blocked, id=79760, stack(0x00007f35d2478000,0x00007f35d2578000)]
  0x00007f36081c8000 JavaThread "Signal Dispatcher" daemon [_thread_blocked, id=79759, stack(0x00007f35d2578000,0x00007f35d2679000)]
  0x00007f3608192800 JavaThread "Finalizer" daemon [_thread_blocked, id=79758, stack(0x00007f35d28f1000,0x00007f35d29f2000)]
  0x00007f360818e000 JavaThread "Reference Handler" daemon [_thread_blocked, id=79757, stack(0x00007f35d29f2000,0x00007f35d2af3000)]

Other Threads:
=>0x00007f3608184000 VMThread [stack: 0x00007f35d2af4000,0x00007f35d2bf4000] [id=79756]
  0x00007f36081dc000 WatcherThread [stack: 0x00007f35d2074000,0x00007f35d2174000] [id=79764]

VM state:at safepoint (normal execution)

VM Mutex/Monitor currently owned by a thread:  ([mutex/lock_event])
[0x00007f3608007c10] Threads_lock - owner thread: 0x00007f3608184000
[0x00007f3608008110] Heap_lock - owner thread: 0x00007f36083ac800

heap address: 0x00000005ca800000, size: 8024 MB, Compressed Oops mode: Zero based, Oop shift amount: 3
Narrow klass base: 0x0000000000000000, Narrow klass shift: 3
Compressed class space size: 1073741824 Address: 0x00000007c0000000

Heap:
 PSYoungGen      total 524800K, used 313K [0x0000000718d80000, 0x0000000739680000, 0x00000007c0000000)
  eden space 516096K, 0% used [0x0000000718d80000,0x0000000718d80000,0x0000000738580000)
  from space 8704K, 3% used [0x0000000738580000,0x00000007385ce610,0x0000000738e00000)
  to   space 8704K, 0% used [0x0000000738e00000,0x0000000738e00000,0x0000000739680000)
 ParOldGen       total 2038784K, used 1703366K [0x00000005ca800000, 0x0000000646f00000, 0x0000000718d80000)
  object space 2038784K, 83% used [0x00000005ca800000,0x0000000632771b28,0x0000000646f00000)
 Metaspace       used 15796K, capacity 16272K, committed 16512K, reserved 1062912K
  class space    used 2159K, capacity 2309K, committed 2432K, reserved 1048576K

Card table byte_map: [0x00007f360d8d0000,0x00007f360e87d000] byte_map_base: 0x00007f360aa7c000

Marking Bits: (ParMarkBitMap*) 0x00007f3610480960
 Begin Bits: [0x00007f35d8540000, 0x00007f35e02a0000)
 End Bits:   [0x00007f35e02a0000, 0x00007f35e8000000)

Polling page: 0x00007f3610925000

CodeCache: size=245760Kb used=6290Kb max_used=6306Kb free=239469Kb
 bounds [0x00007f35f9000000, 0x00007f35f9630000, 0x00007f3608000000]
 total_blobs=2264 nmethods=1701 adapters=478
 compilation: enabled

Compilation events (10 events):
Event: 12.322 Thread 0x00007f36081cd000 nmethod 1697 0x00007f35f9619b10 code [0x00007f35f9619c60, 0x00007f35f9619d68]
Event: 12.324 Thread 0x00007f36081ca000 nmethod 1696 0x00007f35f96267d0 code [0x00007f35f9626980, 0x00007f35f9626ec8]
Event: 12.763 Thread 0x00007f36081ce800 1698       3       java.io.FileOutputStream::write (12 bytes)
Event: 12.763 Thread 0x00007f36081ce800 nmethod 1698 0x00007f35f961cdd0 code [0x00007f35f961cf40, 0x00007f35f961d0c8]
Event: 12.964 Thread 0x00007f36081cd000 1700       4       java.awt.image.BufferedImage::getData (113 bytes)
Event: 12.964 Thread 0x00007f36081ca000 1701       4       java.awt.image.Raster::getPixels (29 bytes)
Event: 12.968 Thread 0x00007f36081ca000 nmethod 1701 0x00007f35f9622b90 code [0x00007f35f9622d00, 0x00007f35f9623278]
Event: 12.989 Thread 0x00007f36081cd000 nmethod 1700 0x00007f35f962c350 code [0x00007f35f962c600, 0x00007f35f962e2b8]
Event: 14.715 Thread 0x00007f36081ce800 1702       3       java.util.concurrent.locks.ReentrantLock$Sync::nonfairTryAcquire (67 bytes)
Event: 14.715 Thread 0x00007f36081ce800 nmethod 1702 0x00007f35f961c350 code [0x00007f35f961c500, 0x00007f35f961cc28]

GC Heap History (10 events):
Event: 3.702 GC heap after
Heap after GC invocations=2 (full 0):
 PSYoungGen      total 150016K, used 8299K [0x0000000718d80000, 0x000000072b280000, 0x00000007c0000000)
  eden space 129024K, 0% used [0x0000000718d80000,0x0000000718d80000,0x0000000720b80000)
  from space 20992K, 39% used [0x0000000722000000,0x000000072281aed8,0x0000000723480000)
  to   space 20992K, 0% used [0x0000000720b80000,0x0000000720b80000,0x0000000722000000)
 ParOldGen       total 2038784K, used 1695363K [0x00000005ca800000, 0x0000000646f00000, 0x0000000718d80000)
  object space 2038784K, 83% used [0x00000005ca800000,0x0000000631fa0cb8,0x0000000646f00000)
 Metaspace       used 15777K, capacity 16272K, committed 16512K, reserved 1062912K
  class space    used 2159K, capacity 2309K, committed 2432K, reserved 1048576K
}
Event: 4.435 GC heap before
{Heap before GC invocations=3 (full 0):
 PSYoungGen      total 150016K, used 137323K [0x0000000718d80000, 0x000000072b280000, 0x00000007c0000000)
  eden space 129024K, 100% used [0x0000000718d80000,0x0000000720b80000,0x0000000720b80000)
  from space 20992K, 39% used [0x0000000722000000,0x000000072281aed8,0x0000000723480000)
  to   space 20992K, 0% used [0x0000000720b80000,0x0000000720b80000,0x0000000722000000)
 ParOldGen       total 2038784K, used 1695363K [0x00000005ca800000, 0x0000000646f00000, 0x0000000718d80000)
  object space 2038784K, 83% used [0x00000005ca800000,0x0000000631fa0cb8,0x0000000646f00000)
 Metaspace       used 15796K, capacity 16272K, committed 16512K, reserved 1062912K
  class space    used 2159K, capacity 2309K, committed 2432K, reserved 1048576K
Event: 4.441 GC heap after
Heap after GC invocations=3 (full 0):
 PSYoungGen      total 150016K, used 8128K [0x0000000718d80000, 0x000000072b280000, 0x00000007c0000000)
  eden space 129024K, 0% used [0x0000000718d80000,0x0000000718d80000,0x0000000720b80000)
  from space 20992K, 38% used [0x0000000720b80000,0x00000007213700a8,0x0000000722000000)
  to   space 20992K, 0% used [0x0000000729e00000,0x0000000729e00000,0x000000072b280000)
 ParOldGen       total 2038784K, used 1695371K [0x00000005ca800000, 0x0000000646f00000, 0x0000000718d80000)
  object space 2038784K, 83% used [0x00000005ca800000,0x0000000631fa2cb8,0x0000000646f00000)
 Metaspace       used 15796K, capacity 16272K, committed 16512K, reserved 1062912K
  class space    used 2159K, capacity 2309K, committed 2432K, reserved 1048576K
}
Event: 5.594 GC heap before
{Heap before GC invocations=4 (full 0):
 PSYoungGen      total 150016K, used 137152K [0x0000000718d80000, 0x000000072b280000, 0x00000007c0000000)
  eden space 129024K, 100% used [0x0000000718d80000,0x0000000720b80000,0x0000000720b80000)
  from space 20992K, 38% used [0x0000000720b80000,0x00000007213700a8,0x0000000722000000)
  to   space 20992K, 0% used [0x0000000729e00000,0x0000000729e00000,0x000000072b280000)
 ParOldGen       total 2038784K, used 1695371K [0x00000005ca800000, 0x0000000646f00000, 0x0000000718d80000)
  object space 2038784K, 83% used [0x00000005ca800000,0x0000000631fa2cb8,0x0000000646f00000)
 Metaspace       used 15796K, capacity 16272K, committed 16512K, reserved 1062912K
  class space    used 2159K, capacity 2309K, committed 2432K, reserved 1048576K
Event: 5.637 GC heap after
Heap after GC invocations=4 (full 0):
 PSYoungGen      total 279040K, used 8174K [0x0000000718d80000, 0x000000072b280000, 0x00000007c0000000)
  eden space 258048K, 0% used [0x0000000718d80000,0x0000000718d80000,0x0000000728980000)
  from space 20992K, 38% used [0x0000000729e00000,0x000000072a5fbbc0,0x000000072b280000)
  to   space 20992K, 0% used [0x0000000728980000,0x0000000728980000,0x0000000729e00000)
 ParOldGen       total 2038784K, used 1695371K [0x00000005ca800000, 0x0000000646f00000, 0x0000000718d80000)
  object space 2038784K, 83% used [0x00000005ca800000,0x0000000631fa2cb8,0x0000000646f00000)
 Metaspace       used 15796K, capacity 16272K, committed 16512K, reserved 1062912K
  class space    used 2159K, capacity 2309K, committed 2432K, reserved 1048576K
}
Event: 10.231 GC heap before
{Heap before GC invocations=5 (full 0):
 PSYoungGen      total 279040K, used 266222K [0x0000000718d80000, 0x000000072b280000, 0x00000007c0000000)
  eden space 258048K, 100% used [0x0000000718d80000,0x0000000728980000,0x0000000728980000)
  from space 20992K, 38% used [0x0000000729e00000,0x000000072a5fbbc0,0x000000072b280000)
  to   space 20992K, 0% used [0x0000000728980000,0x0000000728980000,0x0000000729e00000)
 ParOldGen       total 2038784K, used 1695371K [0x00000005ca800000, 0x0000000646f00000, 0x0000000718d80000)
  object space 2038784K, 83% used [0x00000005ca800000,0x0000000631fa2cb8,0x0000000646f00000)
 Metaspace       used 15796K, capacity 16272K, committed 16512K, reserved 1062912K
  class space    used 2159K, capacity 2309K, committed 2432K, reserved 1048576K
Event: 10.311 GC heap after
Heap after GC invocations=5 (full 0):
 PSYoungGen      total 279040K, used 8053K [0x0000000718d80000, 0x0000000739680000, 0x00000007c0000000)
  eden space 258048K, 0% used [0x0000000718d80000,0x0000000718d80000,0x0000000728980000)
  from space 20992K, 38% used [0x0000000728980000,0x000000072915d5b0,0x0000000729e00000)
  to   space 8704K, 0% used [0x0000000738e00000,0x0000000738e00000,0x0000000739680000)
 ParOldGen       total 2038784K, used 1695379K [0x00000005ca800000, 0x0000000646f00000, 0x0000000718d80000)
  object space 2038784K, 83% used [0x00000005ca800000,0x0000000631fa4cb8,0x0000000646f00000)
 Metaspace       used 15796K, capacity 16272K, committed 16512K, reserved 1062912K
  class space    used 2159K, capacity 2309K, committed 2432K, reserved 1048576K
}
Event: 11.915 GC heap before
{Heap before GC invocations=6 (full 0):
 PSYoungGen      total 279040K, used 266101K [0x0000000718d80000, 0x0000000739680000, 0x00000007c0000000)
  eden space 258048K, 100% used [0x0000000718d80000,0x0000000728980000,0x0000000728980000)
  from space 20992K, 38% used [0x0000000728980000,0x000000072915d5b0,0x0000000729e00000)
  to   space 8704K, 0% used [0x0000000738e00000,0x0000000738e00000,0x0000000739680000)
 ParOldGen       total 2038784K, used 1695379K [0x00000005ca800000, 0x0000000646f00000, 0x0000000718d80000)
  object space 2038784K, 83% used [0x00000005ca800000,0x0000000631fa4cb8,0x0000000646f00000)
 Metaspace       used 15796K, capacity 16272K, committed 16512K, reserved 1062912K
  class space    used 2159K, capacity 2309K, committed 2432K, reserved 1048576K
Event: 12.016 GC heap after
Heap after GC invocations=6 (full 0):
 PSYoungGen      total 524800K, used 8114K [0x0000000718d80000, 0x0000000739680000, 0x00000007c0000000)
  eden space 516096K, 0% used [0x0000000718d80000,0x0000000718d80000,0x0000000738580000)
  from space 8704K, 93% used [0x0000000738e00000,0x00000007395ec8c8,0x0000000739680000)
  to   space 8704K, 0% used [0x0000000738580000,0x0000000738580000,0x0000000738e00000)
 ParOldGen       total 2038784K, used 1695387K [0x00000005ca800000, 0x0000000646f00000, 0x0000000718d80000)
  object space 2038784K, 83% used [0x00000005ca800000,0x0000000631fa6cb8,0x0000000646f00000)
 Metaspace       used 15796K, capacity 16272K, committed 16512K, reserved 1062912K
  class space    used 2159K, capacity 2309K, committed 2432K, reserved 1048576K
}
Event: 16.916 GC heap before
{Heap before GC invocations=7 (full 0):
 PSYoungGen      total 524800K, used 524210K [0x0000000718d80000, 0x0000000739680000, 0x00000007c0000000)
  eden space 516096K, 100% used [0x0000000718d80000,0x0000000738580000,0x0000000738580000)
  from space 8704K, 93% used [0x0000000738e00000,0x00000007395ec8c8,0x0000000739680000)
  to   space 8704K, 0% used [0x0000000738580000,0x0000000738580000,0x0000000738e00000)
 ParOldGen       total 2038784K, used 1695387K [0x00000005ca800000, 0x0000000646f00000, 0x0000000718d80000)
  object space 2038784K, 83% used [0x00000005ca800000,0x0000000631fa6cb8,0x0000000646f00000)
 Metaspace       used 15796K, capacity 16272K, committed 16512K, reserved 1062912K
  class space    used 2159K, capacity 2309K, committed 2432K, reserved 1048576K

Deoptimization events (10 events):
Event: 0.958 Thread 0x00007f36083ac800 Uncommon trap: reason=unstable_if action=reinterpret pc=0x00007f35f9428a60 method=java.lang.ref.SoftReference.get()Ljava/lang/Object; @ 17
Event: 1.134 Thread 0x00007f36083ac800 Uncommon trap: reason=unstable_if action=reinterpret pc=0x00007f35f95b9c40 method=edu.stanford.genetics.treeview.plugin.dendroview.DoubleArrayDrawer.paint([ILjava/awt/Rectangle;Ljava/awt/Rectangle;I[I)V @ 92
Event: 3.213 Thread 0x00007f36083ac800 Uncommon trap: reason=unstable_if action=reinterpret pc=0x00007f35f95b4c54 method=sun.awt.image.ImageRepresentation.getOpaqueRGBImage()Ljava/awt/image/BufferedImage; @ 57
Event: 3.391 Thread 0x00007f36083ac800 Uncommon trap: reason=unstable_if action=reinterpret pc=0x00007f35f95ad3c4 method=sun.font.FileFontStrike.getCachedGlyphPtrInternal(I)J @ 99
Event: 3.391 Thread 0x00007f36083ac800 Uncommon trap: reason=unstable_if action=reinterpret pc=0x00007f35f959d7a8 method=sun.font.FileFontStrike.getCachedGlyphPtrInternal(I)J @ 99
Event: 3.405 Thread 0x00007f36083ac800 Uncommon trap: reason=unstable_if action=reinterpret pc=0x00007f35f91d79b4 method=java.lang.String.indexOf([CII[CIII)I @ 3
Event: 3.408 Thread 0x00007f36083ac800 Uncommon trap: reason=bimorphic action=maybe_recompile pc=0x00007f35f94e4904 method=java.util.HashMap.putVal(ILjava/lang/Object;Ljava/lang/Object;ZZ)Ljava/lang/Object; @ 253
Event: 3.408 Thread 0x00007f36083ac800 Uncommon trap: reason=bimorphic action=maybe_recompile pc=0x00007f35f94e4904 method=java.util.HashMap.putVal(ILjava/lang/Object;Ljava/lang/Object;ZZ)Ljava/lang/Object; @ 253
Event: 3.408 Thread 0x00007f36083ac800 Uncommon trap: reason=bimorphic action=maybe_recompile pc=0x00007f35f94e4904 method=java.util.HashMap.putVal(ILjava/lang/Object;Ljava/lang/Object;ZZ)Ljava/lang/Object; @ 253
Event: 3.408 Thread 0x00007f36083ac800 Uncommon trap: reason=bimorphic action=maybe_recompile pc=0x00007f35f94e4904 method=java.util.HashMap.putVal(ILjava/lang/Object;Ljava/lang/Object;ZZ)Ljava/lang/Object; @ 253

Classes redefined (0 events):
No events

Internal exceptions (10 events):
Event: 0.481 Thread 0x00007f36083ac800 Exception <a 'java/io/FileNotFoundException'> (0x000000071fc36508) thrown at [/home/openjdk/jdk8u/hotspot/src/share/vm/prims/jni.cpp, line 710]
Event: 0.481 Thread 0x00007f36083ac800 Exception <a 'java/io/FileNotFoundException'> (0x000000071fc37ac0) thrown at [/home/openjdk/jdk8u/hotspot/src/share/vm/prims/jni.cpp, line 710]
Event: 0.613 Thread 0x00007f36083ac800 Exception <a 'java/lang/ClassCastException': edu.stanford.genetics.treeview.plugin.dendroview.DendroView cannot be cast to edu.stanford.genetics.treeview.LinkedPanel> (0x0000000720837428) thrown at [/home/openjdk/jdk8u/hotspot/src/share/vm/interpreter/int
Event: 0.631 Thread 0x00007f36083ac800 Exception <a 'java/lang/NullPointerException'> (0x00000007208e2088) thrown at [/home/openjdk/jdk8u/hotspot/src/share/vm/interpreter/linkResolver.cpp, line 1185]
Event: 0.631 Thread 0x00007f36083ac800 Exception <a 'java/lang/NullPointerException'> (0x00000007208e2660) thrown at [/home/openjdk/jdk8u/hotspot/src/share/vm/interpreter/linkResolver.cpp, line 1185]
Event: 0.632 Thread 0x00007f36083ac800 Exception <a 'java/lang/NullPointerException'> (0x00000007208e2d28) thrown at [/home/openjdk/jdk8u/hotspot/src/share/vm/interpreter/linkResolver.cpp, line 1185]
Event: 0.632 Thread 0x00007f36083ac800 Exception <a 'java/lang/NullPointerException'> (0x00000007208e3300) thrown at [/home/openjdk/jdk8u/hotspot/src/share/vm/interpreter/linkResolver.cpp, line 1185]
Event: 0.685 Thread 0x00007f36083ac800 Implicit null exception at 0x00007f35f957b0b9 to 0x00007f35f957ba49
Event: 3.391 Thread 0x00007f36083ac800 Implicit null exception at 0x00007f35f95acf87 to 0x00007f35f95ad38d
Event: 3.391 Thread 0x00007f36083ac800 Implicit null exception at 0x00007f35f959d5fe to 0x00007f35f959d78d

Events (10 events):
Event: 4.103 Thread 0x00007f36083ac800 DEOPT UNPACKING pc=0x00007f35f90470c4 sp=0x00007f35d0b50a58 mode 0
Event: 4.434 Executing VM operation: ParallelGCFailedAllocation
Event: 4.441 Executing VM operation: ParallelGCFailedAllocation done
Event: 5.593 Executing VM operation: ParallelGCFailedAllocation
Event: 5.637 Executing VM operation: ParallelGCFailedAllocation done
Event: 10.231 Executing VM operation: ParallelGCFailedAllocation
Event: 10.311 Executing VM operation: ParallelGCFailedAllocation done
Event: 11.915 Executing VM operation: ParallelGCFailedAllocation
Event: 12.016 Executing VM operation: ParallelGCFailedAllocation done
Event: 16.916 Executing VM operation: ParallelGCFailedAllocation


Dynamic libraries:
5ca800000-646f00000 rw-p 00000000 00:00 0 
646f00000-718d80000 ---p 00000000 00:00 0 
718d80000-739680000 rw-p 00000000 00:00 0 
759280000-7c0000000 ---p 00000000 00:00 0 
7c0000000-7c0260000 rw-p 00000000 00:00 0 
7c0260000-800000000 ---p 00000000 00:00 0 
55c4aeda4000-55c4aeda5000 r-xp 00000000 08:01 1312280                    /home/hurlab/.sdkman/candidates/java/8.0.252-open/bin/java
55c4aefa4000-55c4aefa5000 r--p 00000000 08:01 1312280                    /home/hurlab/.sdkman/candidates/java/8.0.252-open/bin/java
55c4aefa5000-55c4aefa6000 rw-p 00001000 08:01 1312280                    /home/hurlab/.sdkman/candidates/java/8.0.252-open/bin/java
55c4b0d6f000-55c4b0d90000 rw-p 00000000 00:00 0                          [heap]
7f3590000000-7f3590021000 rw-p 00000000 00:00 0 
7f3590021000-7f3594000000 ---p 00000000 00:00 0 
7f3597e00000-7f3597fc0000 rw-p 00000000 00:00 0 
7f3597fc0000-7f3598000000 ---p 00000000 00:00 0 
7f3598000000-7f3598021000 rw-p 00000000 00:00 0 
7f3598021000-7f359c000000 ---p 00000000 00:00 0 
7f359c000000-7f359c468000 rw-p 00000000 00:00 0 
7f359c468000-7f35a0000000 ---p 00000000 00:00 0 
7f35a0000000-7f35a0021000 rw-p 00000000 00:00 0 
7f35a0021000-7f35a4000000 ---p 00000000 00:00 0 
7f35a4000000-7f35a4021000 rw-p 00000000 00:00 0 
7f35a4021000-7f35a8000000 ---p 00000000 00:00 0 
7f35a8000000-7f35a8021000 rw-p 00000000 00:00 0 
7f35a8021000-7f35ac000000 ---p 00000000 00:00 0 
7f35ac000000-7f35ac021000 rw-p 00000000 00:00 0 
7f35ac021000-7f35b0000000 ---p 00000000 00:00 0 
7f35b0000000-7f35b03d3000 rw-p 00000000 00:00 0 
7f35b03d3000-7f35b4000000 ---p 00000000 00:00 0 
7f35b4000000-7f35b4490000 rw-p 00000000 00:00 0 
7f35b4490000-7f35b8000000 ---p 00000000 00:00 0 
7f35b8000000-7f35b8021000 rw-p 00000000 00:00 0 
7f35b8021000-7f35bc000000 ---p 00000000 00:00 0 
7f35bc000000-7f35bc423000 rw-p 00000000 00:00 0 
7f35bc423000-7f35c0000000 ---p 00000000 00:00 0 
7f35c0000000-7f35c0021000 rw-p 00000000 00:00 0 
7f35c0021000-7f35c4000000 ---p 00000000 00:00 0 
7f35c4000000-7f35c4021000 rw-p 00000000 00:00 0 
7f35c4021000-7f35c8000000 ---p 00000000 00:00 0 
7f35c8000000-7f35c8278000 rw-p 00000000 00:00 0 
7f35c8278000-7f35cc000000 ---p 00000000 00:00 0 
7f35cc000000-7f35cc021000 rw-p 00000000 00:00 0 
7f35cc021000-7f35d0000000 ---p 00000000 00:00 0 
7f35d040b000-7f35d0416000 r--s 00000000 08:01 527610                     /var/cache/fontconfig/dda3710c-bb8b-42c1-ae74-57a3dcb122f4-le64.cache-7
7f35d0416000-7f35d0422000 r--s 00000000 08:01 536972                     /var/cache/fontconfig/8e3efe26-bbdc-462f-a256-cf85bd735e80-le64.cache-7
7f35d0422000-7f35d0428000 r--s 00000000 08:01 537167                     /var/cache/fontconfig/4df4a6a6-d5c8-4266-b826-58523da2ff9e-le64.cache-7
7f35d0428000-7f35d0429000 r--s 00000000 08:01 537166                     /var/cache/fontconfig/3058c3ce-b8d9-42e4-9efb-7be2eee9e7fb-le64.cache-7
7f35d0429000-7f35d043f000 r--s 00000000 08:01 537165                     /var/cache/fontconfig/bde71352-6626-4567-b935-43cb184c52e4-le64.cache-7
7f35d043f000-7f35d0440000 r--s 00000000 08:01 537164                     /var/cache/fontconfig/2b017e05-a21a-47bc-a93a-84764191f0be-le64.cache-7
7f35d0440000-7f35d0441000 r--s 00000000 08:01 537163                     /var/cache/fontconfig/36481c5b-047b-4fe0-9f89-36384a98c2d9-le64.cache-7
7f35d0441000-7f35d0443000 r--s 00000000 08:01 537162                     /var/cache/fontconfig/a040e7d7-473a-48ca-a94b-075efb39c4bb-le64.cache-7
7f35d0443000-7f35d0444000 r--s 00000000 08:01 537161                     /var/cache/fontconfig/ad601aec-b525-4371-9611-2c904e925563-le64.cache-7
7f35d0444000-7f35d0446000 r--s 00000000 08:01 537150                     /var/cache/fontconfig/07ebfd78-51b8-47ef-82e4-fd866ad71d93-le64.cache-7
7f35d0446000-7f35d0448000 r--s 00000000 08:01 537144                     /var/cache/fontconfig/bcfafaf5-9492-4e13-94db-95efe95a89a2-le64.cache-7
7f35d0448000-7f35d0449000 r--s 00000000 08:01 525529                     /var/cache/fontconfig/163a9ca3-ff56-44ea-b7b5-231553c7ade2-le64.cache-7
7f35d0449000-7f35d044b000 r--s 00000000 08:01 537131                     /var/cache/fontconfig/827946ab-1f3f-4754-a98a-df1a174ba4c2-le64.cache-7
7f35d044b000-7f35d0450000 r--s 00000000 08:01 537117                     /var/cache/fontconfig/5c07783e-bee5-4cec-8f8f-f43ce5d73b5f-le64.cache-7
7f35d0450000-7f35d0451000 r--s 00000000 08:01 537116                     /var/cache/fontconfig/8d7b431f-345e-4dae-a972-77d05def2939-le64.cache-7
7f35d0451000-7f35d0452000 r--s 00000000 08:01 537115                     /var/cache/fontconfig/2d88677d-eea9-439b-bfad-924fdbb441aa-le64.cache-7
7f35d0452000-7f35d0453000 r--s 00000000 08:01 537114                     /var/cache/fontconfig/8eec9aff-48c5-4396-9647-41076a564179-le64.cache-7
7f35d0453000-7f35d0454000 r--s 00000000 08:01 537113                     /var/cache/fontconfig/683a7b3b-232e-44f4-ab8b-ac1b9e337c84-le64.cache-7
7f35d0454000-7f35d0455000 r--s 00000000 08:01 537112                     /var/cache/fontconfig/a184742b-8625-462c-850e-6468fdf884ed-le64.cache-7
7f35d0455000-7f35d0456000 r--s 00000000 08:01 537111                     /var/cache/fontconfig/dc4ad51d-9a4d-42f4-a2a9-92453135e4d0-le64.cache-7
7f35d0456000-7f35d0457000 r--s 00000000 08:01 537110                     /var/cache/fontconfig/1517cd2d-e17f-4181-89d6-14bee86373df-le64.cache-7
7f35d0457000-7f35d0458000 r--s 00000000 08:01 537094                     /var/cache/fontconfig/86f01da8-3c14-4ef4-9517-52bcadfca877-le64.cache-7
7f35d0458000-7f35d0459000 r--s 00000000 08:01 537093                     /var/cache/fontconfig/a3dfac7b-6f71-47af-bacc-d7af54ca581b-le64.cache-7
7f35d0459000-7f35d045a000 r--s 00000000 08:01 537077                     /var/cache/fontconfig/b59a22f3-f792-41a5-a3a4-b64255685c5e-le64.cache-7
7f35d045a000-7f35d045b000 r--s 00000000 08:01 537060                     /var/cache/fontconfig/d506158e-1e84-4808-b9c8-f6c8c52e4b5c-le64.cache-7
7f35d045b000-7f35d0460000 r--s 00000000 08:01 537059                     /var/cache/fontconfig/d77f0192-029f-4ad8-a741-3cd04008bf2e-le64.cache-7
7f35d0460000-7f35d0467000 r--s 00000000 08:01 537033                     /var/cache/fontconfig/98bbb95f-3dc0-438d-82f3-4b3173eabaf2-le64.cache-7
7f35d0467000-7f35d0468000 r--s 00000000 08:01 537031                     /var/cache/fontconfig/040c269c-bc84-4716-a185-13e706a13050-le64.cache-7
7f35d0468000-7f35d0469000 r--s 00000000 08:01 537030                     /var/cache/fontconfig/a6389f28-ed70-4e65-ad4e-7a154738a1bb-le64.cache-7
7f35d0469000-7f35d046f000 r--s 00000000 08:01 537029                     /var/cache/fontconfig/10a9a7ef-ba46-4fda-bb8b-4144b7a3630d-le64.cache-7
7f35d046f000-7f35d0482000 r--s 00000000 08:01 537028                     /var/cache/fontconfig/b2890f6d-0974-4c02-a909-029af3526e3f-le64.cache-7
7f35d0482000-7f35d0486000 r--s 00000000 08:01 527609                     /var/cache/fontconfig/4ed84c84-1063-47a7-9c21-364711340ed4-le64.cache-7
7f35d0486000-7f35d0487000 r--s 00000000 08:01 537027                     /var/cache/fontconfig/f69d94f0-69aa-4545-b3ce-5b7035659769-le64.cache-7
7f35d0487000-7f35d0488000 r--s 00000000 08:01 537026                     /var/cache/fontconfig/b231c9b3-d8bb-4bc8-b4c1-779152c376bd-le64.cache-7
7f35d0488000-7f35d0489000 r--s 00000000 08:01 537025                     /var/cache/fontconfig/02a94de4-2204-495a-847d-bc223f81f978-le64.cache-7
7f35d0489000-7f35d048c000 r--s 00000000 08:01 537023                     /var/cache/fontconfig/86f25024-737d-49b5-b498-b0e8133c0173-le64.cache-7
7f35d048c000-7f35d048e000 r--s 00000000 08:01 537022                     /var/cache/fontconfig/9d965531-915c-49e1-b380-137515d5ba00-le64.cache-7
7f35d048e000-7f35d049a000 r--s 00000000 08:01 536995                     /var/cache/fontconfig/b669ab40-1f59-4983-9309-3e0fc516e64d-le64.cache-7
7f35d049a000-7f35d04a8000 r--s 00000000 08:01 527608                     /var/cache/fontconfig/5f35aed6-be0d-4234-b965-39c1e52e8cd2-le64.cache-7
7f35d0526000-7f35d0527000 r--s 00000000 08:01 537024                     /var/cache/fontconfig/c595bd9b-f928-43d1-90db-374921269fcf-le64.cache-7
7f35d0527000-7f35d052a000 r--s 00000000 08:01 537021                     /var/cache/fontconfig/81b801d4-cbd4-47f9-bc68-631ee90bbcb1-le64.cache-7
7f35d052a000-7f35d053a000 r--s 00000000 08:01 536982                     /var/cache/fontconfig/2e3dc10f-3384-4453-81bd-eb87d6f8fd17-le64.cache-7
7f35d054d000-7f35d0552000 r--s 000a7000 08:01 1312107                    /home/hurlab/.sdkman/candidates/java/8.0.252-open/jre/lib/jsse.jar
7f35d0552000-7f35d0752000 rw-p 00000000 00:00 0 
7f35d0752000-7f35d0755000 ---p 00000000 00:00 0 
7f35d0755000-7f35d0a53000 rw-p 00000000 00:00 0 
7f35d0a53000-7f35d0a56000 ---p 00000000 00:00 0 
7f35d0a56000-7f35d0b54000 rw-p 00000000 00:00 0 
7f35d0b54000-7f35d0b57000 ---p 00000000 00:00 0 
7f35d0b57000-7f35d0c55000 rw-p 00000000 00:00 0 
7f35d0c55000-7f35d0c58000 ---p 00000000 00:00 0 
7f35d0c58000-7f35d0d56000 rw-p 00000000 00:00 0 
7f35d0d56000-7f35d0d59000 ---p 00000000 00:00 0 
7f35d0d59000-7f35d0e57000 rw-p 00000000 00:00 0 
7f35d0e57000-7f35d0e5c000 r--p 00000000 08:01 1835069                    /usr/lib/x86_64-linux-gnu/libpng16.so.16.37.0
7f35d0e5c000-7f35d0e81000 r-xp 00005000 08:01 1835069                    /usr/lib/x86_64-linux-gnu/libpng16.so.16.37.0
7f35d0e81000-7f35d0e8d000 r--p 0002a000 08:01 1835069                    /usr/lib/x86_64-linux-gnu/libpng16.so.16.37.0
7f35d0e8d000-7f35d0e8e000 r--p 00035000 08:01 1835069                    /usr/lib/x86_64-linux-gnu/libpng16.so.16.37.0
7f35d0e8e000-7f35d0e8f000 rw-p 00036000 08:01 1835069                    /usr/lib/x86_64-linux-gnu/libpng16.so.16.37.0
7f35d0e8f000-7f35d0e9b000 r--p 00000000 08:01 1836392                    /usr/lib/x86_64-linux-gnu/libfreetype.so.6.17.1
7f35d0e9b000-7f35d0f1b000 r-xp 0000c000 08:01 1836392                    /usr/lib/x86_64-linux-gnu/libfreetype.so.6.17.1
7f35d0f1b000-7f35d0f45000 r--p 0008c000 08:01 1836392                    /usr/lib/x86_64-linux-gnu/libfreetype.so.6.17.1
7f35d0f45000-7f35d0f46000 ---p 000b6000 08:01 1836392                    /usr/lib/x86_64-linux-gnu/libfreetype.so.6.17.1
7f35d0f46000-7f35d0f4d000 r--p 000b6000 08:01 1836392                    /usr/lib/x86_64-linux-gnu/libfreetype.so.6.17.1
7f35d0f4d000-7f35d0f4e000 rw-p 000bd000 08:01 1836392                    /usr/lib/x86_64-linux-gnu/libfreetype.so.6.17.1
7f35d0f4e000-7f35d0fac000 r-xp 00000000 08:01 1312137                    /home/hurlab/.sdkman/candidates/java/8.0.252-open/jre/lib/amd64/libfontmanager.so
7f35d0fac000-7f35d11ab000 ---p 0005e000 08:01 1312137                    /home/hurlab/.sdkman/candidates/java/8.0.252-open/jre/lib/amd64/libfontmanager.so
7f35d11ab000-7f35d11af000 r--p 0005d000 08:01 1312137                    /home/hurlab/.sdkman/candidates/java/8.0.252-open/jre/lib/amd64/libfontmanager.so
7f35d11af000-7f35d11b0000 rw-p 00061000 08:01 1312137                    /home/hurlab/.sdkman/candidates/java/8.0.252-open/jre/lib/amd64/libfontmanager.so
7f35d11b0000-7f35d11c2000 rw-p 00000000 00:00 0 
7f35d11c2000-7f35d11c7000 r-xp 00000000 08:01 1844917                    /usr/lib/x86_64-linux-gnu/libXtst.so.6.1.0
7f35d11c7000-7f35d13c6000 ---p 00005000 08:01 1844917                    /usr/lib/x86_64-linux-gnu/libXtst.so.6.1.0
7f35d13c6000-7f35d13c7000 r--p 00004000 08:01 1844917                    /usr/lib/x86_64-linux-gnu/libXtst.so.6.1.0
7f35d13c7000-7f35d13c8000 rw-p 00005000 08:01 1844917                    /usr/lib/x86_64-linux-gnu/libXtst.so.6.1.0
7f35d13c8000-7f35d13d1000 r-xp 00000000 08:01 1844911                    /usr/lib/x86_64-linux-gnu/libXrender.so.1.3.0
7f35d13d1000-7f35d15d0000 ---p 00009000 08:01 1844911                    /usr/lib/x86_64-linux-gnu/libXrender.so.1.3.0
7f35d15d0000-7f35d15d1000 r--p 00008000 08:01 1844911                    /usr/lib/x86_64-linux-gnu/libXrender.so.1.3.0
7f35d15d1000-7f35d15d2000 rw-p 00009000 08:01 1844911                    /usr/lib/x86_64-linux-gnu/libXrender.so.1.3.0
7f35d15d2000-7f35d15ea000 r--p 00000000 08:01 1836288                    /usr/lib/x86_64-linux-gnu/libX11.so.6.3.0
7f35d15ea000-7f35d1675000 r-xp 00018000 08:01 1836288                    /usr/lib/x86_64-linux-gnu/libX11.so.6.3.0
7f35d1675000-7f35d1709000 r--p 000a3000 08:01 1836288                    /usr/lib/x86_64-linux-gnu/libX11.so.6.3.0
7f35d1709000-7f35d170a000 ---p 00137000 08:01 1836288                    /usr/lib/x86_64-linux-gnu/libX11.so.6.3.0
7f35d170a000-7f35d170b000 r--p 00137000 08:01 1836288                    /usr/lib/x86_64-linux-gnu/libX11.so.6.3.0
7f35d170b000-7f35d170f000 rw-p 00138000 08:01 1836288                    /usr/lib/x86_64-linux-gnu/libX11.so.6.3.0
7f35d170f000-7f35d176d000 r-xp 00000000 08:01 1312126                    /home/hurlab/.sdkman/candidates/java/8.0.252-open/jre/lib/amd64/libawt_xawt.so
7f35d176d000-7f35d196d000 ---p 0005e000 08:01 1312126                    /home/hurlab/.sdkman/candidates/java/8.0.252-open/jre/lib/amd64/libawt_xawt.so
7f35d196d000-7f35d196e000 r--p 0005e000 08:01 1312126                    /home/hurlab/.sdkman/candidates/java/8.0.252-open/jre/lib/amd64/libawt_xawt.so
7f35d196e000-7f35d1971000 rw-p 0005f000 08:01 1312126                    /home/hurlab/.sdkman/candidates/java/8.0.252-open/jre/lib/amd64/libawt_xawt.so
7f35d1971000-7f35d1973000 rw-p 00000000 00:00 0 
7f35d1973000-7f35d1a17000 r-xp 00000000 08:01 1312124                    /home/hurlab/.sdkman/candidates/java/8.0.252-open/jre/lib/amd64/libawt.so
7f35d1a17000-7f35d1c16000 ---p 000a4000 08:01 1312124                    /home/hurlab/.sdkman/candidates/java/8.0.252-open/jre/lib/amd64/libawt.so
7f35d1c16000-7f35d1c17000 r--p 000a3000 08:01 1312124                    /home/hurlab/.sdkman/candidates/java/8.0.252-open/jre/lib/amd64/libawt.so
7f35d1c17000-7f35d1c22000 rw-p 000a4000 08:01 1312124                    /home/hurlab/.sdkman/candidates/java/8.0.252-open/jre/lib/amd64/libawt.so
7f35d1c22000-7f35d1c47000 rw-p 00000000 00:00 0 
7f35d1c47000-7f35d1c5f000 r-xp 00000000 08:01 1312144                    /home/hurlab/.sdkman/candidates/java/8.0.252-open/jre/lib/amd64/libnet.so
7f35d1c5f000-7f35d1e5e000 ---p 00018000 08:01 1312144                    /home/hurlab/.sdkman/candidates/java/8.0.252-open/jre/lib/amd64/libnet.so
7f35d1e5e000-7f35d1e5f000 r--p 00017000 08:01 1312144                    /home/hurlab/.sdkman/candidates/java/8.0.252-open/jre/lib/amd64/libnet.so
7f35d1e5f000-7f35d1e60000 rw-p 00018000 08:01 1312144                    /home/hurlab/.sdkman/candidates/java/8.0.252-open/jre/lib/amd64/libnet.so
7f35d1e60000-7f35d1e71000 r-xp 00000000 08:01 1312153                    /home/hurlab/.sdkman/candidates/java/8.0.252-open/jre/lib/amd64/libnio.so
7f35d1e71000-7f35d2071000 ---p 00011000 08:01 1312153                    /home/hurlab/.sdkman/candidates/java/8.0.252-open/jre/lib/amd64/libnio.so
7f35d2071000-7f35d2072000 r--p 00011000 08:01 1312153                    /home/hurlab/.sdkman/candidates/java/8.0.252-open/jre/lib/amd64/libnio.so
7f35d2072000-7f35d2073000 rw-p 00012000 08:01 1312153                    /home/hurlab/.sdkman/candidates/java/8.0.252-open/jre/lib/amd64/libnio.so
7f35d2073000-7f35d2074000 ---p 00000000 00:00 0 
7f35d2074000-7f35d2174000 rw-p 00000000 00:00 0 
7f35d2174000-7f35d2177000 ---p 00000000 00:00 0 
7f35d2177000-7f35d2275000 rw-p 00000000 00:00 0 
7f35d2275000-7f35d2276000 ---p 00000000 00:00 0 
7f35d2276000-7f35d2279000 ---p 00000000 00:00 0 
7f35d2279000-7f35d2376000 rw-p 00000000 00:00 0 
7f35d2376000-7f35d2377000 ---p 00000000 00:00 0 
7f35d2377000-7f35d237a000 ---p 00000000 00:00 0 
7f35d237a000-7f35d2477000 rw-p 00000000 00:00 0 
7f35d2477000-7f35d2478000 ---p 00000000 00:00 0 
7f35d2478000-7f35d247b000 ---p 00000000 00:00 0 
7f35d247b000-7f35d2578000 rw-p 00000000 00:00 0 
7f35d2578000-7f35d257b000 ---p 00000000 00:00 0 
7f35d257b000-7f35d2679000 rw-p 00000000 00:00 0 
7f35d2679000-7f35d28f1000 r--p 00000000 08:01 2240774                    /usr/lib/locale/aa_DJ.utf8/LC_COLLATE
7f35d28f1000-7f35d28f4000 ---p 00000000 00:00 0 
7f35d28f4000-7f35d29f2000 rw-p 00000000 00:00 0 
7f35d29f2000-7f35d29f5000 ---p 00000000 00:00 0 
7f35d29f5000-7f35d2af3000 rw-p 00000000 00:00 0 
7f35d2af3000-7f35d2af4000 ---p 00000000 00:00 0 
7f35d2af4000-7f35d4000000 rw-p 00000000 00:00 0 
7f35d4000000-7f35d4021000 rw-p 00000000 00:00 0 
7f35d4021000-7f35d8000000 ---p 00000000 00:00 0 
7f35d8000000-7f35d8001000 r--s 00000000 08:01 537005                     /var/cache/fontconfig/4eec9c9f-a717-4481-b14e-1fd6a902fdde-le64.cache-7
7f35d8001000-7f35d8002000 r--s 00000000 08:01 536994                     /var/cache/fontconfig/2303fbb1-ede8-49e4-9f1e-d3a84c02f2f5-le64.cache-7
7f35d8002000-7f35d8003000 r--s 00000000 08:01 536993                     /var/cache/fontconfig/d051d352-1128-47fb-b615-e7689f36ba89-le64.cache-7
7f35d8003000-7f35d8004000 r--s 00000000 08:01 536991                     /var/cache/fontconfig/7207da53-b37c-42a8-b27f-873b937ac462-le64.cache-7
7f35d8004000-7f35d8006000 r--p 00000000 08:01 2228590                    /lib/x86_64-linux-gnu/libz.so.1.2.11
7f35d8006000-7f35d8017000 r-xp 00002000 08:01 2228590                    /lib/x86_64-linux-gnu/libz.so.1.2.11
7f35d8017000-7f35d801d000 r--p 00013000 08:01 2228590                    /lib/x86_64-linux-gnu/libz.so.1.2.11
7f35d801d000-7f35d801e000 ---p 00019000 08:01 2228590                    /lib/x86_64-linux-gnu/libz.so.1.2.11
7f35d801e000-7f35d801f000 r--p 00019000 08:01 2228590                    /lib/x86_64-linux-gnu/libz.so.1.2.11
7f35d801f000-7f35d8020000 rw-p 0001a000 08:01 2228590                    /lib/x86_64-linux-gnu/libz.so.1.2.11
7f35d8020000-7f35d8023000 r--p 00000000 08:01 2231392                    /lib/x86_64-linux-gnu/libgcc_s.so.1
7f35d8023000-7f35d8035000 r-xp 00003000 08:01 2231392                    /lib/x86_64-linux-gnu/libgcc_s.so.1
7f35d8035000-7f35d8039000 r--p 00015000 08:01 2231392                    /lib/x86_64-linux-gnu/libgcc_s.so.1
7f35d8039000-7f35d803a000 r--p 00018000 08:01 2231392                    /lib/x86_64-linux-gnu/libgcc_s.so.1
7f35d803a000-7f35d803b000 rw-p 00019000 08:01 2231392                    /lib/x86_64-linux-gnu/libgcc_s.so.1
7f35d803b000-7f35e8021000 rw-p 00000000 00:00 0 
7f35e8021000-7f35ec000000 ---p 00000000 00:00 0 
7f35ec000000-7f35ec021000 rw-p 00000000 00:00 0 
7f35ec021000-7f35f0000000 ---p 00000000 00:00 0 
7f35f0000000-7f35f0021000 rw-p 00000000 00:00 0 
7f35f0021000-7f35f4000000 ---p 00000000 00:00 0 
7f35f4000000-7f35f4021000 rw-p 00000000 00:00 0 
7f35f4021000-7f35f8000000 ---p 00000000 00:00 0 
7f35f8000000-7f35f8001000 r--s 00000000 08:01 536989                     /var/cache/fontconfig/b2ee2359-8082-4785-977b-bbe3c4b742cd-le64.cache-7
7f35f8001000-7f35f8002000 r--s 00000000 08:01 536987                     /var/cache/fontconfig/0c3fb107-1a8d-4b6d-886e-e05b09e63667-le64.cache-7
7f35f8002000-7f35f8003000 r--s 00000000 08:01 536985                     /var/cache/fontconfig/51000c41-5650-40c5-bf3e-6258d5f8585f-le64.cache-7
7f35f8003000-7f35f8005000 r--p 00000000 08:01 1839136                    /usr/lib/x86_64-linux-gnu/libXfixes.so.3.1.0
7f35f8005000-7f35f8008000 r-xp 00002000 08:01 1839136                    /usr/lib/x86_64-linux-gnu/libXfixes.so.3.1.0
7f35f8008000-7f35f8009000 r--p 00005000 08:01 1839136                    /usr/lib/x86_64-linux-gnu/libXfixes.so.3.1.0
7f35f8009000-7f35f800a000 r--p 00005000 08:01 1839136                    /usr/lib/x86_64-linux-gnu/libXfixes.so.3.1.0
7f35f800a000-7f35f800b000 rw-p 00006000 08:01 1839136                    /usr/lib/x86_64-linux-gnu/libXfixes.so.3.1.0
7f35f800b000-7f35f800e000 r--p 00000000 08:01 1839476                    /usr/lib/x86_64-linux-gnu/libXcursor.so.1.0.2
7f35f800e000-7f35f8014000 r-xp 00003000 08:01 1839476                    /usr/lib/x86_64-linux-gnu/libXcursor.so.1.0.2
7f35f8014000-7f35f8016000 r--p 00009000 08:01 1839476                    /usr/lib/x86_64-linux-gnu/libXcursor.so.1.0.2
7f35f8016000-7f35f8017000 r--p 0000a000 08:01 1839476                    /usr/lib/x86_64-linux-gnu/libXcursor.so.1.0.2
7f35f8017000-7f35f8018000 rw-p 0000b000 08:01 1839476                    /usr/lib/x86_64-linux-gnu/libXcursor.so.1.0.2
7f35f8018000-7f35f8019000 r--s 00000000 08:01 536971                     /var/cache/fontconfig/1df4ca0f-b10f-4b9c-ab1b-f505bc08cb18-le64.cache-7
7f35f8019000-7f35f801c000 r--s 00000000 08:01 527607                     /var/cache/fontconfig/51240b59-c912-4a01-ac2d-f1ea30d7210c-le64.cache-7
7f35f801c000-7f35f8022000 r--s 00020000 08:01 3937001                    /home/hurlab/tox21/src/main/perl/TreeView-1.1.6r4-bin/plugins/Karyoscope.jar
7f35f8022000-7f35f8028000 r--s 00048000 08:01 3937000                    /home/hurlab/tox21/src/main/perl/TreeView-1.1.6r4-bin/plugins/Dendrogram.jar
7f35f8028000-7f35f802c000 r--s 00011000 08:01 3937002                    /home/hurlab/tox21/src/main/perl/TreeView-1.1.6r4-bin/plugins/Scatterplot.jar
7f35f802c000-7f35f8030000 r--p 00000000 08:01 1837626                    /usr/lib/x86_64-linux-gnu/libbsd.so.0.10.0
7f35f8030000-7f35f803f000 r-xp 00004000 08:01 1837626                    /usr/lib/x86_64-linux-gnu/libbsd.so.0.10.0
7f35f803f000-7f35f8042000 r--p 00013000 08:01 1837626                    /usr/lib/x86_64-linux-gnu/libbsd.so.0.10.0
7f35f8042000-7f35f8043000 ---p 00016000 08:01 1837626                    /usr/lib/x86_64-linux-gnu/libbsd.so.0.10.0
7f35f8043000-7f35f8044000 r--p 00016000 08:01 1837626                    /usr/lib/x86_64-linux-gnu/libbsd.so.0.10.0
7f35f8044000-7f35f8045000 rw-p 00017000 08:01 1837626                    /usr/lib/x86_64-linux-gnu/libbsd.so.0.10.0
7f35f8045000-7f35f8046000 rw-p 00000000 00:00 0 
7f35f8046000-7f35f8048000 r--p 00000000 08:01 1837653                    /usr/lib/x86_64-linux-gnu/libXdmcp.so.6.0.0
7f35f8048000-7f35f804a000 r-xp 00002000 08:01 1837653                    /usr/lib/x86_64-linux-gnu/libXdmcp.so.6.0.0
7f35f804a000-7f35f804c000 r--p 00004000 08:01 1837653                    /usr/lib/x86_64-linux-gnu/libXdmcp.so.6.0.0
7f35f804c000-7f35f804d000 r--p 00005000 08:01 1837653                    /usr/lib/x86_64-linux-gnu/libXdmcp.so.6.0.0
7f35f804d000-7f35f804e000 rw-p 00006000 08:01 1837653                    /usr/lib/x86_64-linux-gnu/libXdmcp.so.6.0.0
7f35f804e000-7f35f804f000 r--p 00000000 08:01 1836266                    /usr/lib/x86_64-linux-gnu/libXau.so.6.0.0
7f35f804f000-7f35f8051000 r-xp 00001000 08:01 1836266                    /usr/lib/x86_64-linux-gnu/libXau.so.6.0.0
7f35f8051000-7f35f8052000 r--p 00003000 08:01 1836266                    /usr/lib/x86_64-linux-gnu/libXau.so.6.0.0
7f35f8052000-7f35f8053000 r--p 00003000 08:01 1836266                    /usr/lib/x86_64-linux-gnu/libXau.so.6.0.0
7f35f8053000-7f35f8054000 rw-p 00004000 08:01 1836266                    /usr/lib/x86_64-linux-gnu/libXau.so.6.0.0
7f35f8054000-7f35f9000000 rw-p 00000000 00:00 0 
7f35f9000000-7f35f9630000 rwxp 00000000 00:00 0 
7f35f9630000-7f3608000000 ---p 00000000 00:00 0 
7f3608000000-7f36086bc000 rw-p 00000000 00:00 0 
7f36086bc000-7f360c000000 ---p 00000000 00:00 0 
7f360c000000-7f360c003000 r--s 00000000 08:01 536967                     /var/cache/fontconfig/98f96c39-8bce-44c5-a6bf-5fcb07d2cd0d-le64.cache-7
7f360c003000-7f360c00e000 r--p 00000000 08:01 1837783                    /usr/lib/x86_64-linux-gnu/libxcb.so.1.1.0
7f360c00e000-7f360c022000 r-xp 0000b000 08:01 1837783                    /usr/lib/x86_64-linux-gnu/libxcb.so.1.1.0
7f360c022000-7f360c02b000 r--p 0001f000 08:01 1837783                    /usr/lib/x86_64-linux-gnu/libxcb.so.1.1.0
7f360c02b000-7f360c02c000 r--p 00027000 08:01 1837783                    /usr/lib/x86_64-linux-gnu/libxcb.so.1.1.0
7f360c02c000-7f360c02d000 rw-p 00028000 08:01 1837783                    /usr/lib/x86_64-linux-gnu/libxcb.so.1.1.0
7f360c02d000-7f360c02f000 r--p 00000000 08:01 1837100                    /usr/lib/x86_64-linux-gnu/libXi.so.6.1.0
7f360c02f000-7f360c03a000 r-xp 00002000 08:01 1837100                    /usr/lib/x86_64-linux-gnu/libXi.so.6.1.0
7f360c03a000-7f360c03d000 r--p 0000d000 08:01 1837100                    /usr/lib/x86_64-linux-gnu/libXi.so.6.1.0
7f360c03d000-7f360c03e000 r--p 0000f000 08:01 1837100                    /usr/lib/x86_64-linux-gnu/libXi.so.6.1.0
7f360c03e000-7f360c03f000 rw-p 00010000 08:01 1837100                    /usr/lib/x86_64-linux-gnu/libXi.so.6.1.0
7f360c03f000-7f360c043000 r--p 00000000 08:01 1838810                    /usr/lib/x86_64-linux-gnu/libXext.so.6.4.0
7f360c043000-7f360c04e000 r-xp 00004000 08:01 1838810                    /usr/lib/x86_64-linux-gnu/libXext.so.6.4.0
7f360c04e000-7f360c052000 r--p 0000f000 08:01 1838810                    /usr/lib/x86_64-linux-gnu/libXext.so.6.4.0
7f360c052000-7f360c053000 r--p 00012000 08:01 1838810                    /usr/lib/x86_64-linux-gnu/libXext.so.6.4.0
7f360c053000-7f360c054000 rw-p 00013000 08:01 1838810                    /usr/lib/x86_64-linux-gnu/libXext.so.6.4.0
7f360c054000-7f360c055000 r--s 00003000 08:01 3937003                    /home/hurlab/tox21/src/main/perl/TreeView-1.1.6r4-bin/plugins/Treeanno.jar
7f360c055000-7f360c068000 r--s 00346000 08:01 1312108                    /home/hurlab/.sdkman/candidates/java/8.0.252-open/jre/lib/resources.jar
7f360c068000-7f360c072000 r--s 0004a000 08:01 3937004                    /home/hurlab/tox21/src/main/perl/TreeView-1.1.6r4-bin/TreeView.jar
7f360c072000-7f360c0c6000 r--p 00000000 08:01 2240775                    /usr/lib/locale/aa_DJ.utf8/LC_CTYPE
7f360c0c6000-7f360c518000 rw-p 00000000 00:00 0 
7f360c518000-7f360c6e9000 r--s 03ca5000 08:01 1312105                    /home/hurlab/.sdkman/candidates/java/8.0.252-open/jre/lib/rt.jar
7f360c6e9000-7f360c857000 rw-p 00000000 00:00 0 
7f360c857000-7f360c858000 ---p 00000000 00:00 0 
7f360c858000-7f360c958000 rw-p 00000000 00:00 0 
7f360c958000-7f360c959000 ---p 00000000 00:00 0 
7f360c959000-7f360ca59000 rw-p 00000000 00:00 0 
7f360ca59000-7f360ca5a000 ---p 00000000 00:00 0 
7f360ca5a000-7f360cb5a000 rw-p 00000000 00:00 0 
7f360cb5a000-7f360cb5b000 ---p 00000000 00:00 0 
7f360cb5b000-7f360cc5b000 rw-p 00000000 00:00 0 
7f360cc5b000-7f360cc5c000 ---p 00000000 00:00 0 
7f360cc5c000-7f360cd5c000 rw-p 00000000 00:00 0 
7f360cd5c000-7f360cd5d000 ---p 00000000 00:00 0 
7f360cd5d000-7f360d241000 rw-p 00000000 00:00 0 
7f360d241000-7f360d8d0000 ---p 00000000 00:00 0 
7f360d8d0000-7f360dcb4000 rw-p 00000000 00:00 0 
7f360dcb4000-7f360e342000 ---p 00000000 00:00 0 
7f360e342000-7f360e448000 rw-p 00000000 00:00 0 
7f360e448000-7f360e87c000 ---p 00000000 00:00 0 
7f360e87c000-7f360e896000 rw-p 00000000 00:00 0 
7f360e896000-7f360ec3d000 ---p 00000000 00:00 0 
7f360ec3d000-7f360ec58000 r-xp 00000000 08:01 1312125                    /home/hurlab/.sdkman/candidates/java/8.0.252-open/jre/lib/amd64/libzip.so
7f360ec58000-7f360ee57000 ---p 0001b000 08:01 1312125                    /home/hurlab/.sdkman/candidates/java/8.0.252-open/jre/lib/amd64/libzip.so
7f360ee57000-7f360ee58000 r--p 0001a000 08:01 1312125                    /home/hurlab/.sdkman/candidates/java/8.0.252-open/jre/lib/amd64/libzip.so
7f360ee58000-7f360ee59000 rw-p 0001b000 08:01 1312125                    /home/hurlab/.sdkman/candidates/java/8.0.252-open/jre/lib/amd64/libzip.so
7f360ee59000-7f360ee5c000 r--p 00000000 08:01 2231775                    /lib/x86_64-linux-gnu/libnss_files-2.31.so
7f360ee5c000-7f360ee63000 r-xp 00003000 08:01 2231775                    /lib/x86_64-linux-gnu/libnss_files-2.31.so
7f360ee63000-7f360ee65000 r--p 0000a000 08:01 2231775                    /lib/x86_64-linux-gnu/libnss_files-2.31.so
7f360ee65000-7f360ee66000 r--p 0000b000 08:01 2231775                    /lib/x86_64-linux-gnu/libnss_files-2.31.so
7f360ee66000-7f360ee67000 rw-p 0000c000 08:01 2231775                    /lib/x86_64-linux-gnu/libnss_files-2.31.so
7f360ee67000-7f360ee6d000 rw-p 00000000 00:00 0 
7f360ee6d000-7f360ee72000 r--p 00000000 08:01 2231772                    /lib/x86_64-linux-gnu/libnsl-2.31.so
7f360ee72000-7f360ee82000 r-xp 00005000 08:01 2231772                    /lib/x86_64-linux-gnu/libnsl-2.31.so
7f360ee82000-7f360ee86000 r--p 00015000 08:01 2231772                    /lib/x86_64-linux-gnu/libnsl-2.31.so
7f360ee86000-7f360ee87000 r--p 00018000 08:01 2231772                    /lib/x86_64-linux-gnu/libnsl-2.31.so
7f360ee87000-7f360ee88000 rw-p 00019000 08:01 2231772                    /lib/x86_64-linux-gnu/libnsl-2.31.so
7f360ee88000-7f360ee8a000 rw-p 00000000 00:00 0 
7f360ee8a000-7f360ee8d000 r--p 00000000 08:01 2231777                    /lib/x86_64-linux-gnu/libnss_nis-2.31.so
7f360ee8d000-7f360ee95000 r-xp 00003000 08:01 2231777                    /lib/x86_64-linux-gnu/libnss_nis-2.31.so
7f360ee95000-7f360ee97000 r--p 0000b000 08:01 2231777                    /lib/x86_64-linux-gnu/libnss_nis-2.31.so
7f360ee97000-7f360ee98000 r--p 0000c000 08:01 2231777                    /lib/x86_64-linux-gnu/libnss_nis-2.31.so
7f360ee98000-7f360ee99000 rw-p 0000d000 08:01 2231777                    /lib/x86_64-linux-gnu/libnss_nis-2.31.so
7f360ee99000-7f360ee9b000 r--s 00014000 08:01 3936996                    /home/hurlab/tox21/src/main/perl/TreeView-1.1.6r4-bin/lib/nanoxml-2.2.2.jar
7f360ee9b000-7f360ee9c000 r--p 00000000 08:01 2760141                    /usr/lib/locale/aa_ET/LC_NUMERIC
7f360ee9c000-7f360ee9d000 r--p 00000000 08:01 2761310                    /usr/lib/locale/en_US.utf8/LC_TIME
7f360ee9d000-7f360ee9e000 r--p 00000000 08:01 2760786                    /usr/lib/locale/chr_US/LC_MONETARY
7f360ee9e000-7f360eea5000 r--s 00000000 08:01 1969730                    /usr/lib/x86_64-linux-gnu/gconv/gconv-modules.cache
7f360eea5000-7f360eead000 rw-s 00000000 08:01 917565                     /tmp/hsperfdata_hurlab/79748
7f360eead000-7f360eed5000 r-xp 00000000 08:01 1312128                    /home/hurlab/.sdkman/candidates/java/8.0.252-open/jre/lib/amd64/libjava.so
7f360eed5000-7f360f0d4000 ---p 00028000 08:01 1312128                    /home/hurlab/.sdkman/candidates/java/8.0.252-open/jre/lib/amd64/libjava.so
7f360f0d4000-7f360f0d5000 r--p 00027000 08:01 1312128                    /home/hurlab/.sdkman/candidates/java/8.0.252-open/jre/lib/amd64/libjava.so
7f360f0d5000-7f360f0d7000 rw-p 00028000 08:01 1312128                    /home/hurlab/.sdkman/candidates/java/8.0.252-open/jre/lib/amd64/libjava.so
7f360f0d7000-7f360f0e5000 r-xp 00000000 08:01 1312149                    /home/hurlab/.sdkman/candidates/java/8.0.252-open/jre/lib/amd64/libverify.so
7f360f0e5000-7f360f2e4000 ---p 0000e000 08:01 1312149                    /home/hurlab/.sdkman/candidates/java/8.0.252-open/jre/lib/amd64/libverify.so
7f360f2e4000-7f360f2e6000 r--p 0000d000 08:01 1312149                    /home/hurlab/.sdkman/candidates/java/8.0.252-open/jre/lib/amd64/libverify.so
7f360f2e6000-7f360f2e7000 rw-p 0000f000 08:01 1312149                    /home/hurlab/.sdkman/candidates/java/8.0.252-open/jre/lib/amd64/libverify.so
7f360f2e7000-7f360f2ea000 r--p 00000000 08:01 2231782                    /lib/x86_64-linux-gnu/librt-2.31.so
7f360f2ea000-7f360f2ee000 r-xp 00003000 08:01 2231782                    /lib/x86_64-linux-gnu/librt-2.31.so
7f360f2ee000-7f360f2ef000 r--p 00007000 08:01 2231782                    /lib/x86_64-linux-gnu/librt-2.31.so
7f360f2ef000-7f360f2f0000 ---p 00008000 08:01 2231782                    /lib/x86_64-linux-gnu/librt-2.31.so
7f360f2f0000-7f360f2f1000 r--p 00008000 08:01 2231782                    /lib/x86_64-linux-gnu/librt-2.31.so
7f360f2f1000-7f360f2f2000 rw-p 00009000 08:01 2231782                    /lib/x86_64-linux-gnu/librt-2.31.so
7f360f2f2000-7f360f2f3000 ---p 00000000 00:00 0 
7f360f2f3000-7f360f2f6000 ---p 00000000 00:00 0 
7f360f2f6000-7f360f3f3000 rw-p 00000000 00:00 0 
7f360f3f3000-7f360f402000 r--p 00000000 08:01 2231769                    /lib/x86_64-linux-gnu/libm-2.31.so
7f360f402000-7f360f4a9000 r-xp 0000f000 08:01 2231769                    /lib/x86_64-linux-gnu/libm-2.31.so
7f360f4a9000-7f360f540000 r--p 000b6000 08:01 2231769                    /lib/x86_64-linux-gnu/libm-2.31.so
7f360f540000-7f360f541000 r--p 0014c000 08:01 2231769                    /lib/x86_64-linux-gnu/libm-2.31.so
7f360f541000-7f360f542000 rw-p 0014d000 08:01 2231769                    /lib/x86_64-linux-gnu/libm-2.31.so
7f360f542000-7f361019d000 r-xp 00000000 08:01 1312140                    /home/hurlab/.sdkman/candidates/java/8.0.252-open/jre/lib/amd64/server/libjvm.so
7f361019d000-7f361039c000 ---p 00c5b000 08:01 1312140                    /home/hurlab/.sdkman/candidates/java/8.0.252-open/jre/lib/amd64/server/libjvm.so
7f361039c000-7f3610444000 r--p 00c5a000 08:01 1312140                    /home/hurlab/.sdkman/candidates/java/8.0.252-open/jre/lib/amd64/server/libjvm.so
7f3610444000-7f361046c000 rw-p 00d02000 08:01 1312140                    /home/hurlab/.sdkman/candidates/java/8.0.252-open/jre/lib/amd64/server/libjvm.so
7f361046c000-7f36104b1000 rw-p 00000000 00:00 0 
7f36104b1000-7f36104d6000 r--p 00000000 08:01 2231767                    /lib/x86_64-linux-gnu/libc-2.31.so
7f36104d6000-7f361064e000 r-xp 00025000 08:01 2231767                    /lib/x86_64-linux-gnu/libc-2.31.so
7f361064e000-7f3610698000 r--p 0019d000 08:01 2231767                    /lib/x86_64-linux-gnu/libc-2.31.so
7f3610698000-7f3610699000 ---p 001e7000 08:01 2231767                    /lib/x86_64-linux-gnu/libc-2.31.so
7f3610699000-7f361069c000 r--p 001e7000 08:01 2231767                    /lib/x86_64-linux-gnu/libc-2.31.so
7f361069c000-7f361069f000 rw-p 001ea000 08:01 2231767                    /lib/x86_64-linux-gnu/libc-2.31.so
7f361069f000-7f36106a3000 rw-p 00000000 00:00 0 
7f36106a3000-7f36106a4000 r--p 00000000 08:01 2231768                    /lib/x86_64-linux-gnu/libdl-2.31.so
7f36106a4000-7f36106a6000 r-xp 00001000 08:01 2231768                    /lib/x86_64-linux-gnu/libdl-2.31.so
7f36106a6000-7f36106a7000 r--p 00003000 08:01 2231768                    /lib/x86_64-linux-gnu/libdl-2.31.so
7f36106a7000-7f36106a8000 r--p 00003000 08:01 2231768                    /lib/x86_64-linux-gnu/libdl-2.31.so
7f36106a8000-7f36106a9000 rw-p 00004000 08:01 2231768                    /lib/x86_64-linux-gnu/libdl-2.31.so
7f36106a9000-7f36106bf000 r-xp 00000000 08:01 1323135                    /home/hurlab/.sdkman/candidates/java/8.0.252-open/lib/amd64/jli/libjli.so
7f36106bf000-7f36108be000 ---p 00016000 08:01 1323135                    /home/hurlab/.sdkman/candidates/java/8.0.252-open/lib/amd64/jli/libjli.so
7f36108be000-7f36108bf000 r--p 00015000 08:01 1323135                    /home/hurlab/.sdkman/candidates/java/8.0.252-open/lib/amd64/jli/libjli.so
7f36108bf000-7f36108c0000 rw-p 00016000 08:01 1323135                    /home/hurlab/.sdkman/candidates/java/8.0.252-open/lib/amd64/jli/libjli.so
7f36108c0000-7f36108c7000 r--p 00000000 08:01 2231780                    /lib/x86_64-linux-gnu/libpthread-2.31.so
7f36108c7000-7f36108d8000 r-xp 00007000 08:01 2231780                    /lib/x86_64-linux-gnu/libpthread-2.31.so
7f36108d8000-7f36108dd000 r--p 00018000 08:01 2231780                    /lib/x86_64-linux-gnu/libpthread-2.31.so
7f36108dd000-7f36108de000 r--p 0001c000 08:01 2231780                    /lib/x86_64-linux-gnu/libpthread-2.31.so
7f36108de000-7f36108df000 rw-p 0001d000 08:01 2231780                    /lib/x86_64-linux-gnu/libpthread-2.31.so
7f36108df000-7f36108e3000 rw-p 00000000 00:00 0 
7f36108e3000-7f36108e4000 r--p 00000000 08:01 2761091                    /usr/lib/locale/en_AG/LC_MESSAGES/SYS_LC_MESSAGES
7f36108e4000-7f36108e5000 r--p 00000000 08:01 2760787                    /usr/lib/locale/chr_US/LC_PAPER
7f36108e5000-7f36108e6000 r--p 00000000 08:01 2760618                    /usr/lib/locale/bi_VU/LC_NAME
7f36108e6000-7f36108e7000 r--p 00000000 08:01 2761307                    /usr/lib/locale/en_US.utf8/LC_ADDRESS
7f36108e7000-7f36108e8000 r--p 00000000 08:01 2760788                    /usr/lib/locale/chr_US/LC_TELEPHONE
7f36108e8000-7f36108e9000 r--p 00000000 08:01 2760783                    /usr/lib/locale/chr_US/LC_MEASUREMENT
7f36108e9000-7f36108ea000 r--p 00000000 08:01 2761308                    /usr/lib/locale/en_US.utf8/LC_IDENTIFICATION
7f36108ea000-7f36108ec000 r--p 00000000 08:01 2231773                    /lib/x86_64-linux-gnu/libnss_compat-2.31.so
7f36108ec000-7f36108f3000 r-xp 00002000 08:01 2231773                    /lib/x86_64-linux-gnu/libnss_compat-2.31.so
7f36108f3000-7f36108f4000 r--p 00009000 08:01 2231773                    /lib/x86_64-linux-gnu/libnss_compat-2.31.so
7f36108f4000-7f36108f5000 r--p 00009000 08:01 2231773                    /lib/x86_64-linux-gnu/libnss_compat-2.31.so
7f36108f5000-7f36108f6000 rw-p 0000a000 08:01 2231773                    /lib/x86_64-linux-gnu/libnss_compat-2.31.so
7f36108f6000-7f36108f9000 rw-p 00000000 00:00 0 
7f36108f9000-7f36108fa000 r--p 00000000 08:01 2231763                    /lib/x86_64-linux-gnu/ld-2.31.so
7f36108fa000-7f361091d000 r-xp 00001000 08:01 2231763                    /lib/x86_64-linux-gnu/ld-2.31.so
7f361091d000-7f3610925000 r--p 00024000 08:01 2231763                    /lib/x86_64-linux-gnu/ld-2.31.so
7f3610925000-7f3610926000 ---p 00000000 00:00 0 
7f3610926000-7f3610927000 r--p 0002c000 08:01 2231763                    /lib/x86_64-linux-gnu/ld-2.31.so
7f3610927000-7f3610928000 rw-p 0002d000 08:01 2231763                    /lib/x86_64-linux-gnu/ld-2.31.so
7f3610928000-7f3610929000 rw-p 00000000 00:00 0 
7ffe069dc000-7ffe069fe000 rw-p 00000000 00:00 0                          [stack]
7ffe06ae3000-7ffe06ae6000 r--p 00000000 00:00 0                          [vvar]
7ffe06ae6000-7ffe06ae7000 r-xp 00000000 00:00 0                          [vdso]
ffffffffff600000-ffffffffff601000 --xp 00000000 00:00 0                  [vsyscall]

VM Arguments:
java_command: TreeView-1.1.6r4-bin/TreeView.jar -r /home/hurlab/tox21/Output/c9a04c35-29ba-482e-a15b-3cdbff2cefe4/gct_per_set//InchISet3__Chart.cdt -x Dendrogram -- -o /home/hurlab/tox21/Output/c9a04c35-29ba-482e-a15b-3cdbff2cefe4/gct_per_set//InchISet3__Chart.png -f png -a 0 -g 1 -s 20x20 -b
java_class_path (initial): TreeView-1.1.6r4-bin/TreeView.jar
Launcher Type: SUN_STANDARD

Environment Variables:
JAVA_HOME=/home/hurlab/.sdkman/candidates/java/current
PATH=/home/hurlab/anaconda3/bin:/home/hurlab/anaconda3/condabin:/home/hurlab/.sdkman/candidates/springboot/current/bin:/home/hurlab/.sdkman/candidates/java/current/bin:/home/hurlab/.sdkman/candidates/groovy/current/bin:/home/hurlab/.sdkman/candidates/grails/current/bin:/home/hurlab/.sdkman/candidates/gradle/current/bin:/home/hurlab/.sdkman/candidates/ant/current/bin:/home/hurlab/bin:/usr/local/sbin:/usr/local/bin:/usr/sbin:/usr/bin:/sbin:/bin:/usr/games:/usr/local/games:/snap/bin
USERNAME=hurlab
SHELL=/bin/bash
DISPLAY=:1

Signal Handlers:
SIGSEGV: [libjvm.so+0xa515e0], sa_mask[0]=11111111011111111101111111111110, sa_flags=SA_RESTART|SA_SIGINFO
SIGBUS: [libjvm.so+0xa515e0], sa_mask[0]=11111111011111111101111111111110, sa_flags=SA_RESTART|SA_SIGINFO
SIGFPE: [libjvm.so+0x8b8a90], sa_mask[0]=11111111011111111101111111111110, sa_flags=SA_RESTART|SA_SIGINFO
SIGPIPE: [libjvm.so+0x8b8a90], sa_mask[0]=11111111011111111101111111111110, sa_flags=SA_RESTART|SA_SIGINFO
SIGXFSZ: [libjvm.so+0x8b8a90], sa_mask[0]=11111111011111111101111111111110, sa_flags=SA_RESTART|SA_SIGINFO
SIGILL: [libjvm.so+0x8b8a90], sa_mask[0]=11111111011111111101111111111110, sa_flags=SA_RESTART|SA_SIGINFO
SIGUSR1: SIG_DFL, sa_mask[0]=00000000000000000000000000000000, sa_flags=none
SIGUSR2: [libjvm.so+0x8ba240], sa_mask[0]=00100000000000000000000000000000, sa_flags=SA_RESTART|SA_SIGINFO
SIGHUP: [libjvm.so+0x8bbc70], sa_mask[0]=11111111011111111101111111111110, sa_flags=SA_RESTART|SA_SIGINFO
SIGINT: [libjvm.so+0x8bbc70], sa_mask[0]=11111111011111111101111111111110, sa_flags=SA_RESTART|SA_SIGINFO
SIGTERM: [libjvm.so+0x8bbc70], sa_mask[0]=11111111011111111101111111111110, sa_flags=SA_RESTART|SA_SIGINFO
SIGQUIT: [libjvm.so+0x8bbc70], sa_mask[0]=11111111011111111101111111111110, sa_flags=SA_RESTART|SA_SIGINFO


---------------  S Y S T E M  ---------------

OS:DISTRIB_ID=Ubuntu
DISTRIB_RELEASE=20.04
DISTRIB_CODENAME=focal
DISTRIB_DESCRIPTION="Ubuntu 20.04 LTS"

uname:Linux 5.4.0-42-generic #46-Ubuntu SMP Fri Jul 10 00:24:02 UTC 2020 x86_64
libc:glibc 2.31 NPTL 2.31 
rlimit: STACK 8192k, CORE 0k, NPROC 128141, NOFILE 1048576, AS infinity
load average:1.38 0.88 0.58

/proc/meminfo:
MemTotal:       32860608 kB
MemFree:        21956896 kB
MemAvailable:   24770244 kB
Buffers:          437252 kB
Cached:          2489500 kB
SwapCached:            0 kB
Active:          8377692 kB
Inactive:        1253428 kB
Active(anon):    6689448 kB
Inactive(anon):    75692 kB
Active(file):    1688244 kB
Inactive(file):  1177736 kB
Unevictable:          16 kB
Mlocked:              16 kB
SwapTotal:       1942896 kB
SwapFree:        1942896 kB
Dirty:              3952 kB
Writeback:             0 kB
AnonPages:       6704460 kB
Mapped:           683660 kB
Shmem:             87680 kB
KReclaimable:     413440 kB
Slab:             676284 kB
SReclaimable:     413440 kB
SUnreclaim:       262844 kB
KernelStack:       25488 kB
PageTables:        43764 kB
NFS_Unstable:          0 kB
Bounce:                0 kB
WritebackTmp:          0 kB
CommitLimit:    18373200 kB
Committed_AS:   17780860 kB
VmallocTotal:   34359738367 kB
VmallocUsed:       41864 kB
VmallocChunk:          0 kB
Percpu:           145408 kB
HardwareCorrupted:     0 kB
AnonHugePages:         0 kB
ShmemHugePages:        0 kB
ShmemPmdMapped:        0 kB
FileHugePages:         0 kB
FilePmdMapped:         0 kB
CmaTotal:              0 kB
CmaFree:               0 kB
HugePages_Total:       0
HugePages_Free:        0
HugePages_Rsvd:        0
HugePages_Surp:        0
Hugepagesize:       2048 kB
Hugetlb:               0 kB
DirectMap4k:      614208 kB
DirectMap2M:    10919936 kB
DirectMap1G:    24117248 kB

container (cgroup) information:
container_type: cgroupv1
cpu_cpuset_cpus: 0-5
cpu_memory_nodes: 0
active_processor_count: 6
cpu_quota: -1
cpu_period: 100000
cpu_shares: -1
memory_limit_in_bytes: -1
memory_and_swap_limit_in_bytes: -2
memory_soft_limit_in_bytes: -1
memory_usage_in_bytes: 7423614976
memory_max_usage_in_bytes: 7423614976


CPU:total 6 (initial active 6) (3 cores per cpu, 1 threads per core) family 23 model 113 stepping 0, cmov, cx8, fxsr, mmx, sse, sse2, sse3, ssse3, sse4.1, sse4.2, popcnt, avx, avx2, aes, clmul, mmxext, 3dnowpref, lzcnt, sse4a, tsc, tscinvbit, tscinv, bmi1

/proc/cpuinfo:
processor	: 0
vendor_id	: AuthenticAMD
cpu family	: 23
model		: 113
model name	: AMD Ryzen 7 3700X 8-Core Processor
stepping	: 0
microcode	: 0x8701013
cpu MHz		: 3600.000
cache size	: 512 KB
physical id	: 0
siblings	: 3
core id		: 0
cpu cores	: 3
apicid		: 0
initial apicid	: 0
fpu		: yes
fpu_exception	: yes
cpuid level	: 16
wp		: yes
flags		: fpu vme de pse tsc msr pae mce cx8 apic sep mtrr pge mca cmov pat pse36 clflush mmx fxsr sse sse2 ht syscall nx mmxext fxsr_opt pdpe1gb rdtscp lm constant_tsc rep_good nopl tsc_reliable nonstop_tsc cpuid extd_apicid pni pclmulqdq ssse3 fma cx16 sse4_1 sse4_2 x2apic movbe popcnt aes xsave avx f16c rdrand hypervisor lahf_lm cmp_legacy extapic cr8_legacy abm sse4a misalignsse 3dnowprefetch osvw ssbd ibpb vmmcall fsgsbase bmi1 avx2 smep bmi2 rdseed adx smap clflushopt clwb sha_ni xsaveopt xsavec xsaves clzero arat overflow_recov succor
bugs		: fxsave_leak sysret_ss_attrs spectre_v1 spectre_v2 spec_store_bypass
bogomips	: 7200.00
TLB size	: 3072 4K pages
clflush size	: 64
cache_alignment	: 64
address sizes	: 43 bits physical, 48 bits virtual
power management:

processor	: 1
vendor_id	: AuthenticAMD
cpu family	: 23
model		: 113
model name	: AMD Ryzen 7 3700X 8-Core Processor
stepping	: 0
microcode	: 0x8701013
cpu MHz		: 3600.000
cache size	: 512 KB
physical id	: 0
siblings	: 3
core id		: 1
cpu cores	: 3
apicid		: 1
initial apicid	: 1
fpu		: yes
fpu_exception	: yes
cpuid level	: 16
wp		: yes
flags		: fpu vme de pse tsc msr pae mce cx8 apic sep mtrr pge mca cmov pat pse36 clflush mmx fxsr sse sse2 ht syscall nx mmxext fxsr_opt pdpe1gb rdtscp lm constant_tsc rep_good nopl tsc_reliable nonstop_tsc cpuid extd_apicid pni pclmulqdq ssse3 fma cx16 sse4_1 sse4_2 x2apic movbe popcnt aes xsave avx f16c rdrand hypervisor lahf_lm cmp_legacy extapic cr8_legacy abm sse4a misalignsse 3dnowprefetch osvw ssbd ibpb vmmcall fsgsbase bmi1 avx2 smep bmi2 rdseed adx smap clflushopt clwb sha_ni xsaveopt xsavec xsaves clzero arat overflow_recov succor
bugs		: fxsave_leak sysret_ss_attrs spectre_v1 spectre_v2 spec_store_bypass
bogomips	: 7200.00
TLB size	: 3072 4K pages
clflush size	: 64
cache_alignment	: 64
address sizes	: 43 bits physical, 48 bits virtual
power management:

processor	: 2
vendor_id	: AuthenticAMD
cpu family	: 23
model		: 113
model name	: AMD Ryzen 7 3700X 8-Core Processor
stepping	: 0
microcode	: 0x8701013
cpu MHz		: 3600.000
cache size	: 512 KB
physical id	: 0
siblings	: 3
core id		: 2
cpu cores	: 3
apicid		: 2
initial apicid	: 2
fpu		: yes
fpu_exception	: yes
cpuid level	: 16
wp		: yes
flags		: fpu vme de pse tsc msr pae mce cx8 apic sep mtrr pge mca cmov pat pse36 clflush mmx fxsr sse sse2 ht syscall nx mmxext fxsr_opt pdpe1gb rdtscp lm constant_tsc rep_good nopl tsc_reliable nonstop_tsc cpuid extd_apicid pni pclmulqdq ssse3 fma cx16 sse4_1 sse4_2 x2apic movbe popcnt aes xsave avx f16c rdrand hypervisor lahf_lm cmp_legacy extapic cr8_legacy abm sse4a misalignsse 3dnowprefetch osvw ssbd ibpb vmmcall fsgsbase bmi1 avx2 smep bmi2 rdseed adx smap clflushopt clwb sha_ni xsaveopt xsavec xsaves clzero arat overflow_recov succor
bugs		: fxsave_leak sysret_ss_attrs spectre_v1 spectre_v2 spec_store_bypass
bogomips	: 7200.00
TLB size	: 3072 4K pages
clflush size	: 64
cache_alignment	: 64
address sizes	: 43 bits physical, 48 bits virtual
power management:

processor	: 3
vendor_id	: AuthenticAMD
cpu family	: 23
model		: 113
model name	: AMD Ryzen 7 3700X 8-Core Processor
stepping	: 0
microcode	: 0x8701013
cpu MHz		: 3600.000
cache size	: 512 KB
physical id	: 1
siblings	: 3
core id		: 0
cpu cores	: 3
apicid		: 4
initial apicid	: 4
fpu		: yes
fpu_exception	: yes
cpuid level	: 16
wp		: yes
flags		: fpu vme de pse tsc msr pae mce cx8 apic sep mtrr pge mca cmov pat pse36 clflush mmx fxsr sse sse2 ht syscall nx mmxext fxsr_opt pdpe1gb rdtscp lm constant_tsc rep_good nopl tsc_reliable nonstop_tsc cpuid extd_apicid pni pclmulqdq ssse3 fma cx16 sse4_1 sse4_2 x2apic movbe popcnt aes xsave avx f16c rdrand hypervisor lahf_lm cmp_legacy extapic cr8_legacy abm sse4a misalignsse 3dnowprefetch osvw ssbd ibpb vmmcall fsgsbase bmi1 avx2 smep bmi2 rdseed adx smap clflushopt clwb sha_ni xsaveopt xsavec xsaves clzero arat overflow_recov succor
bugs		: fxsave_leak sysret_ss_attrs spectre_v1 spectre_v2 spec_store_bypass
bogomips	: 7200.00
TLB size	: 3072 4K pages
clflush size	: 64
cache_alignment	: 64
address sizes	: 43 bits physical, 48 bits virtual
power management:

processor	: 4
vendor_id	: AuthenticAMD
cpu family	: 23
model		: 113
model name	: AMD Ryzen 7 3700X 8-Core Processor
stepping	: 0
microcode	: 0x8701013
cpu MHz		: 3600.000
cache size	: 512 KB
physical id	: 1
siblings	: 3
core id		: 1
cpu cores	: 3
apicid		: 5
initial apicid	: 5
fpu		: yes
fpu_exception	: yes
cpuid level	: 16
wp		: yes
flags		: fpu vme de pse tsc msr pae mce cx8 apic sep mtrr pge mca cmov pat pse36 clflush mmx fxsr sse sse2 ht syscall nx mmxext fxsr_opt pdpe1gb rdtscp lm constant_tsc rep_good nopl tsc_reliable nonstop_tsc cpuid extd_apicid pni pclmulqdq ssse3 fma cx16 sse4_1 sse4_2 x2apic movbe popcnt aes xsave avx f16c rdrand hypervisor lahf_lm cmp_legacy extapic cr8_legacy abm sse4a misalignsse 3dnowprefetch osvw ssbd ibpb vmmcall fsgsbase bmi1 avx2 smep bmi2 rdseed adx smap clflushopt clwb sha_ni xsaveopt xsavec xsaves clzero arat overflow_recov succor
bugs		: fxsave_leak sysret_ss_attrs spectre_v1 spectre_v2 spec_store_bypass
bogomips	: 7200.00
TLB size	: 3072 4K pages
clflush size	: 64
cache_alignment	: 64
address sizes	: 43 bits physical, 48 bits virtual
power management:

processor	: 5
vendor_id	: AuthenticAMD
cpu family	: 23
model		: 113
model name	: AMD Ryzen 7 3700X 8-Core Processor
stepping	: 0
microcode	: 0x8701013
cpu MHz		: 3600.000
cache size	: 512 KB
physical id	: 1
siblings	: 3
core id		: 2
cpu cores	: 3
apicid		: 6
initial apicid	: 6
fpu		: yes
fpu_exception	: yes
cpuid level	: 16
wp		: yes
flags		: fpu vme de pse tsc msr pae mce cx8 apic sep mtrr pge mca cmov pat pse36 clflush mmx fxsr sse sse2 ht syscall nx mmxext fxsr_opt pdpe1gb rdtscp lm constant_tsc rep_good nopl tsc_reliable nonstop_tsc cpuid extd_apicid pni pclmulqdq ssse3 fma cx16 sse4_1 sse4_2 x2apic movbe popcnt aes xsave avx f16c rdrand hypervisor lahf_lm cmp_legacy extapic cr8_legacy abm sse4a misalignsse 3dnowprefetch osvw ssbd ibpb vmmcall fsgsbase bmi1 avx2 smep bmi2 rdseed adx smap clflushopt clwb sha_ni xsaveopt xsavec xsaves clzero arat overflow_recov succor
bugs		: fxsave_leak sysret_ss_attrs spectre_v1 spectre_v2 spec_store_bypass
bogomips	: 7200.00
TLB size	: 3072 4K pages
clflush size	: 64
cache_alignment	: 64
address sizes	: 43 bits physical, 48 bits virtual
power management:



Memory: 4k page, physical 32860608k(21956896k free), swap 1942896k(1942896k free)

vm_info: OpenJDK 64-Bit Server VM (25.252-b09) for linux-amd64 JRE (1.8.0_252-b09), built on Apr  6 2020 12:20:12 by "openjdk" with gcc 4.4.7 20120313 (Red Hat 4.4.7-23)

time: Fri Aug 14 10:53:52 2020
timezone: PDT
elapsed time: 17 seconds (0d 0h 0m 17s)

